Cloudinary Config Debug:
CLOUD_NAME: dv7w1z8si
API_KEY: ***8653
API_SECRET: ***
(node:17025) [MONGOOSE] Warning: Duplicate schema index on {"code":1} found. This is often due to declaring an index using both "index: true" and "schema.index()". Please remove the duplicate index definition.
(Use `node --trace-warnings ...` to show where the warning was created)
(node:17025) [MONGOOSE] Warning: Duplicate schema index on {"ownerId":1} found. This is often due to declaring an index using both "index: true" and "schema.index()". Please remove the duplicate index definition.
(node:17025) Warning: Accessing non-existent property 'response' of module exports inside circular dependency
Server is running on port 3000
Processing PDF: Đề kiểm tra Toán 8 TN + TL.pdf, size: 177585 bytes
Processing PDF: Đề kiểm tra Toán 8 TN + TL.pdf, size: 177585 bytes
Step 1: Using AI to extract questions from PDF...
Sending PDF to AI for analysis...
AI Response received, length: 2471
AI extracted 10 questions successfully
Step 1 complete: AI detected 10 questions
Step 2: Creating placeholder images for pages...
Step 2 complete: Generated 2 images
Step 3: Organizing questions by page...
Step 3 complete: Organized into 2 pages
Successfully parsed PDF: 10 questions found across 2 pages
Processing PDF: Đề kiểm tra Toán 8 TN + TL.pdf, size: 177585 bytes
Processing PDF: Đề kiểm tra Toán 8 TN + TL.pdf, size: 177585 bytes
Step 1: Using AI to extract questions from PDF...
Sending PDF to AI for analysis...
AI Response received, length: 2424
AI extracted 10 questions successfully
Step 1 complete: AI detected 10 questions
Step 2: Creating placeholder images for pages...
Step 2 complete: Generated 2 images
Step 3: Organizing questions by page...
Step 3 complete: Organized into 2 pages
Successfully parsed PDF: 10 questions found across 2 pages
Processing PDF: Đề kiểm tra Toán 8 TN + TL.pdf, size: 177585 bytes
Processing PDF: Đề kiểm tra Toán 8 TN + TL.pdf, size: 177585 bytes
Step 1: Using AI to extract questions from PDF...
Sending PDF to AI for analysis...
AI Response received, length: 2441
AI extracted 10 questions successfully
Step 1 complete: AI detected 10 questions
Step 2: Creating placeholder images for pages...
Step 2 complete: Generated 2 images
Step 3: Organizing questions by page...
Step 3 complete: Organized into 2 pages
Successfully parsed PDF: 10 questions found across 2 pages
Processing PDF: Đề kiểm tra Toán 8 TN + TL.pdf, size: 177585 bytes
Processing PDF: Đề kiểm tra Toán 8 TN + TL.pdf, size: 177585 bytes
Step 1: Using AI to extract questions from PDF...
Sending PDF to AI for analysis...
AI Response received, length: 2463
AI extracted 10 questions successfully
Step 1 complete: AI detected 10 questions
Step 2: Creating placeholder images for pages...
Step 2 complete: Generated 2 images
Step 3: Organizing questions by page...
Step 3 complete: Organized into 2 pages
Successfully parsed PDF: 10 questions found across 2 pages
Processing PDF: Đề kiểm tra Toán 8 TN + TL.pdf, size: 177585 bytes
Processing PDF: Đề kiểm tra Toán 8 TN + TL.pdf, size: 177585 bytes
Step 1: Using AI to extract questions from PDF...
Sending PDF to AI for analysis...
AI Response received, length: 2088
AI extracted 7 questions successfully
Step 1 complete: AI detected 7 questions
Step 2: Creating placeholder images for pages...
Step 2 complete: Generated 2 images
Step 3: Organizing questions by page...
Step 3 complete: Organized into 2 pages
Successfully parsed PDF: 7 questions found across 2 pages
